{
  "RSpec": {
    "coverage": {
      "/Users/davidwhitaker/turing/1module/projects/headcount/test/district_repository_test.rb": [
        1,
        1,
        null,
        1,
        null,
        1,
        1,
        1,
        null,
        null,
        1,
        null,
        null,
        1,
        1,
        1,
        null,
        null,
        1,
        1,
        null,
        null,
        1,
        1,
        1,
        null,
        null,
        1,
        1,
        null,
        null,
        1,
        1,
        1,
        null,
        null,
        1,
        1,
        null,
        null,
        1,
        1,
        1,
        null,
        null,
        1,
        1,
        1,
        null,
        null,
        1,
        1,
        1,
        null,
        null,
        1,
        1,
        null,
        null,
        1,
        1,
        1,
        null,
        null,
        1,
        1,
        null,
        null,
        1,
        1,
        1,
        null,
        null,
        1,
        1,
        null,
        null,
        1,
        1,
        1,
        null,
        null,
        1,
        1,
        null,
        null
      ],
      "/Users/davidwhitaker/turing/1module/projects/headcount/lib/district_repository.rb": [
        1,
        1,
        1,
        1,
        null,
        1,
        1,
        null,
        1,
        9,
        null,
        null,
        1,
        4,
        3,
        null,
        null,
        null,
        null,
        null,
        1,
        4,
        4,
        8,
        3,
        null,
        null,
        4,
        null,
        null
      ],
      "/Users/davidwhitaker/turing/1module/projects/headcount/lib/district.rb": [
        1,
        1,
        null,
        1,
        4,
        null,
        null,
        null
      ],
      "/Users/davidwhitaker/turing/1module/projects/headcount/test/district_test.rb": [
        1,
        1,
        null,
        null,
        1,
        1,
        1,
        1,
        null,
        null
      ],
      "/Users/davidwhitaker/turing/1module/projects/headcount/test/enrollment_repository_test.rb": [
        1,
        1,
        null,
        1,
        null,
        1,
        1,
        1,
        null,
        null,
        1,
        null,
        null,
        1,
        1,
        1,
        null,
        null,
        1,
        1,
        null,
        null,
        1,
        1,
        1,
        null,
        null,
        1,
        1,
        null,
        null,
        1,
        1,
        1,
        null,
        null,
        1,
        1,
        null,
        null
      ],
      "/Users/davidwhitaker/turing/1module/projects/headcount/lib/enrollment_repository.rb": [
        1,
        1,
        1,
        1,
        null,
        1,
        1,
        null,
        1,
        4,
        null,
        null,
        1,
        3,
        2,
        null,
        null,
        null,
        null,
        null
      ],
      "/Users/davidwhitaker/turing/1module/projects/headcount/lib/enrollment.rb": [
        1,
        null,
        1,
        1,
        null,
        null,
        1,
        6,
        6,
        null,
        null,
        1,
        2,
        6,
        null,
        null,
        null,
        null,
        1,
        1,
        null,
        null
      ],
      "/Users/davidwhitaker/turing/1module/projects/headcount/test/enrollment_test.rb": [
        1,
        1,
        null,
        1,
        1,
        1,
        null,
        null,
        null,
        1,
        null,
        null,
        1,
        1,
        null,
        null,
        null,
        1,
        1,
        null,
        null,
        1,
        1,
        null,
        null,
        null,
        1,
        1,
        null,
        null,
        1,
        1,
        null,
        null,
        null,
        1,
        null,
        null,
        null
      ],
      "/Users/davidwhitaker/turing/1module/projects/headcount/test/test_helper.rb": [
        1,
        1,
        1,
        1
      ]
    },
    "timestamp": 1452634605
  }
}
