{
  "RSpec": {
    "coverage": {
      "/Users/davidwhitaker/turing/1module/projects/headcount/test/district_test.rb": [
        1,
        1,
        null,
        null,
        1,
        1,
        1,
        1,
        null,
        null
      ],
      "/Users/davidwhitaker/turing/1module/projects/headcount/lib/district.rb": [
        1,
        1,
        null,
        1,
        4,
        null,
        null,
        null
      ],
      "/Users/davidwhitaker/turing/1module/projects/headcount/test/test_helper.rb": [
        1,
        1,
        1,
        1
      ]
    },
    "timestamp": 1452567994
  }
}
